07/26/2021 08:02:34 Guardião Itaú, versão 2.1.0 Descrição do processo de instalação do Guardião. As informações contidas nesse documento poderão ser solicitadas pela central de atendimento caso ocorra um erro no processo de instalação. A exclusão desse documento não acarreta nenhum problema de performance na sua máquina.
07/26/2021 08:02:34 2.8.2.3
07/26/2021 08:02:34 Usuário: Adenevaldo(Administrador)
07/26/2021 08:02:34 Versão do Sistema Operacional: 6.2.9200
07/26/2021 08:02:34 64 Bits: true
07/26/2021 08:02:34   ( 0.7 )
07/26/2021 08:02:34 UAC: Ativado
07/26/2021 08:02:34 Verificando se Firefox está instalado...
07/26/2021 08:02:34 Firefox não instalado.
07/26/2021 08:02:34 [Ativação do TLS no Windows] Verificando...
07/26/2021 08:02:34 [Ativação do TLS no Windows] Corrigindo TLS.
07/26/2021 08:02:35 [Ativação do TLS no Windows] Ok.
07/26/2021 08:02:35 [Configurações gerais] Verificando...
07/26/2021 08:02:35 [Configurações gerais] Ok.
07/26/2021 08:02:35 [Instalação de certificados raiz] Verificando...
07/26/2021 08:02:35 [Instalação de certificados raiz] Efetuando download ...
07/26/2021 08:02:36 [Instalação de certificados raiz] Ok.
07/26/2021 08:02:36 [Configurações gerais] Verificando...
07/26/2021 08:02:36 [Configurações gerais] Ok.
07/26/2021 08:02:36 [Configurações gerais] Verificando...
07/26/2021 08:02:36 [Configurações gerais] Limpando...
07/26/2021 08:02:36 [Configurações gerais] Ok.
07/26/2021 08:02:36 [Executando a instalação do Guardião] Verificando...
07/26/2021 08:02:36 [Executando a instalação do Guardião] Efetuando download ...
07/26/2021 08:02:39 [Executando a instalação do Guardião] Instalando...
07/26/2021 08:02:52 [Executando a instalação do Guardião] Ok.
07/26/2021 08:02:52 [Verificando arquivos do Guardião] Verificando...
07/26/2021 08:02:52 [Verificando arquivos do Guardião] Ok.
07/26/2021 08:02:52 [Instalando Cliente do Guardião] Verificando...
07/26/2021 08:03:05 [Instalando Cliente do Guardião] Ok.
07/26/2021 08:03:05 [Ajustando ambiente] Verificando...
07/26/2021 08:03:05 [Ajustando ambiente] Ok.
07/26/2021 08:03:05 [Atualizando listas] Verificando...
07/26/2021 08:03:05 [Atualizando listas] Ok.
07/26/2021 08:03:05 [Concluindo execucao] Verificando...
07/26/2021 08:03:06 [Concluindo execucao] CONCLUÍDO.
07/26/2021 08:03:06 CONCLUÍDO.
